0 verbose cli /Users/sergioperalta/.nvm/versions/node/v23.1.0/bin/node /Users/sergioperalta/.nvm/versions/node/v23.1.0/lib/node_modules/npm/bin/npm-cli.js
1 info using npm@10.9.0
2 info using node@v23.1.0
3 silly config load:file:/Users/sergioperalta/.nvm/versions/node/v23.1.0/lib/node_modules/npm/npmrc
4 silly config load:file:/Users/sergioperalta/Documents/Source/alimentos-san-geronimo-website/.npmrc
5 silly config load:file:/Users/sergioperalta/.npmrc
6 silly config load:file:/Users/sergioperalta/.nvm/versions/node/v23.1.0/etc/npmrc
7 verbose title npm exec create-vite@latest . --template react-swc --yes
8 verbose argv "exec" "--" "create-vite@latest" "." "--template" "react-swc" "--yes"
9 verbose logfile logs-max:10 dir:/Users/sergioperalta/Documents/Source/alimentos-san-geronimo-website/.npm_cache/_logs/2026-03-21T18_39_32_487Z-
10 verbose logfile /Users/sergioperalta/Documents/Source/alimentos-san-geronimo-website/.npm_cache/_logs/2026-03-21T18_39_32_487Z-debug-0.log
11 silly logfile done cleaning log files
12 silly packumentCache heap:4345298944 maxSize:1086324736 maxEntrySize:543162368
13 http fetch GET 200 https://registry.npmjs.org/create-vite 264ms (cache miss)
14 silly packumentCache heap:4345298944 maxSize:1086324736 maxEntrySize:543162368
15 silly packumentCache heap:4345298944 maxSize:1086324736 maxEntrySize:543162368
16 http fetch GET 200 https://registry.npmjs.org/npm 383ms
17 silly idealTree buildDeps
18 silly fetch manifest create-vite@9.0.3
19 silly packumentCache full:https://registry.npmjs.org/create-vite cache-miss
20 http fetch GET 200 https://registry.npmjs.org/create-vite 100ms (cache miss)
21 silly packumentCache full:https://registry.npmjs.org/create-vite set size:undefined disposed:false
22 silly placeDep ROOT create-vite@9.0.3 OK for:  want: 9.0.3
23 silly reify moves {}
24 silly audit bulk request { 'create-vite': [ '9.0.3' ] }
25 silly tarball no local data for create-vite@https://registry.npmjs.org/create-vite/-/create-vite-9.0.3.tgz. Extracting by manifest.
26 http fetch POST 200 https://registry.npmjs.org/-/npm/v1/security/advisories/bulk 168ms
27 silly audit report {}
28 http fetch GET 200 https://registry.npmjs.org/create-vite/-/create-vite-9.0.3.tgz 430ms (cache miss)
29 verbose cwd /Users/sergioperalta/Documents/Source/alimentos-san-geronimo-website
30 verbose os Darwin 25.2.0
31 verbose node v23.1.0
32 verbose npm  v10.9.0
33 notice
33 notice New [31mmajor[39m version of npm available! [31m10.9.0[39m -> [34m11.12.0[39m
33 notice Changelog: [34mhttps://github.com/npm/cli/releases/tag/v11.12.0[39m
33 notice To update run: [4mnpm install -g npm@11.12.0[24m
33 notice  { force: true, [Symbol(proc-log.meta)]: true }
34 verbose exit 0
35 info ok
