0 verbose cli /Users/sergioperalta/.nvm/versions/node/v23.1.0/bin/node /Users/sergioperalta/.nvm/versions/node/v23.1.0/bin/npm
1 info using npm@10.9.0
2 info using node@v23.1.0
3 silly config load:file:/Users/sergioperalta/.nvm/versions/node/v23.1.0/lib/node_modules/npm/npmrc
4 silly config load:file:/Users/sergioperalta/Documents/Source/alimentos-san-geronimo-website/.npmrc
5 silly config load:file:/Users/sergioperalta/.npmrc
6 silly config load:file:/Users/sergioperalta/.nvm/versions/node/v23.1.0/etc/npmrc
7 verbose title npm install i18next-browser-languagedetector
8 verbose argv "install" "i18next-browser-languagedetector" "--cache" ".npm_cache"
9 verbose logfile logs-max:10 dir:/Users/sergioperalta/Documents/Source/alimentos-san-geronimo-website/.npm_cache/_logs/2026-03-21T19_06_48_558Z-
10 verbose logfile /Users/sergioperalta/Documents/Source/alimentos-san-geronimo-website/.npm_cache/_logs/2026-03-21T19_06_48_558Z-debug-0.log
11 silly logfile done cleaning log files
12 silly packumentCache heap:4345298944 maxSize:1086324736 maxEntrySize:543162368
13 silly idealTree buildDeps
14 silly fetch manifest i18next-browser-languagedetector@*
15 silly packumentCache full:https://registry.npmjs.org/i18next-browser-languagedetector cache-miss
16 http fetch GET 200 https://registry.npmjs.org/i18next-browser-languagedetector 300ms (cache miss)
17 silly packumentCache full:https://registry.npmjs.org/i18next-browser-languagedetector set size:undefined disposed:false
18 silly placeDep ROOT i18next-browser-languagedetector@8.2.1 OK for: alimentos-san-geronimo-website@0.1.0 want: *
19 silly reify moves {}
20 silly audit bulk request {
20 silly audit   '@alloc/quick-lru': [ '5.2.0' ],
20 silly audit   '@babel/runtime': [ '7.29.2' ],
20 silly audit   '@esbuild/aix-ppc64': [ '0.21.5' ],
20 silly audit   '@esbuild/android-arm': [ '0.21.5' ],
20 silly audit   '@esbuild/android-arm64': [ '0.21.5' ],
20 silly audit   '@esbuild/android-x64': [ '0.21.5' ],
20 silly audit   '@esbuild/darwin-arm64': [ '0.21.5' ],
20 silly audit   '@esbuild/darwin-x64': [ '0.21.5' ],
20 silly audit   '@esbuild/freebsd-arm64': [ '0.21.5' ],
20 silly audit   '@esbuild/freebsd-x64': [ '0.21.5' ],
20 silly audit   '@esbuild/linux-arm': [ '0.21.5' ],
20 silly audit   '@esbuild/linux-arm64': [ '0.21.5' ],
20 silly audit   '@esbuild/linux-ia32': [ '0.21.5' ],
20 silly audit   '@esbuild/linux-loong64': [ '0.21.5' ],
20 silly audit   '@esbuild/linux-mips64el': [ '0.21.5' ],
20 silly audit   '@esbuild/linux-ppc64': [ '0.21.5' ],
20 silly audit   '@esbuild/linux-riscv64': [ '0.21.5' ],
20 silly audit   '@esbuild/linux-s390x': [ '0.21.5' ],
20 silly audit   '@esbuild/linux-x64': [ '0.21.5' ],
20 silly audit   '@esbuild/netbsd-x64': [ '0.21.5' ],
20 silly audit   '@esbuild/openbsd-x64': [ '0.21.5' ],
20 silly audit   '@esbuild/sunos-x64': [ '0.21.5' ],
20 silly audit   '@esbuild/win32-arm64': [ '0.21.5' ],
20 silly audit   '@esbuild/win32-ia32': [ '0.21.5' ],
20 silly audit   '@esbuild/win32-x64': [ '0.21.5' ],
20 silly audit   '@jridgewell/gen-mapping': [ '0.3.13' ],
20 silly audit   '@jridgewell/resolve-uri': [ '3.1.2' ],
20 silly audit   '@jridgewell/sourcemap-codec': [ '1.5.5' ],
20 silly audit   '@jridgewell/trace-mapping': [ '0.3.31' ],
20 silly audit   '@messageformat/core': [ '3.4.0' ],
20 silly audit   '@messageformat/date-skeleton': [ '1.1.0' ],
20 silly audit   '@messageformat/number-skeleton': [ '1.2.0' ],
20 silly audit   '@messageformat/parser': [ '5.1.1' ],
20 silly audit   '@messageformat/runtime': [ '3.0.2' ],
20 silly audit   '@nodelib/fs.scandir': [ '2.1.5' ],
20 silly audit   '@nodelib/fs.stat': [ '2.0.5' ],
20 silly audit   '@nodelib/fs.walk': [ '1.2.8' ],
20 silly audit   '@remix-run/router': [ '1.23.2' ],
20 silly audit   '@rolldown/pluginutils': [ '1.0.0-beta.27' ],
20 silly audit   '@rollup/rollup-android-arm-eabi': [ '4.59.1' ],
20 silly audit   '@rollup/rollup-android-arm64': [ '4.59.1' ],
20 silly audit   '@rollup/rollup-darwin-arm64': [ '4.59.1' ],
20 silly audit   '@rollup/rollup-darwin-x64': [ '4.59.1' ],
20 silly audit   '@rollup/rollup-freebsd-arm64': [ '4.59.1' ],
20 silly audit   '@rollup/rollup-freebsd-x64': [ '4.59.1' ],
20 silly audit   '@rollup/rollup-linux-arm-gnueabihf': [ '4.59.1' ],
20 silly audit   '@rollup/rollup-linux-arm-musleabihf': [ '4.59.1' ],
20 silly audit   '@rollup/rollup-linux-arm64-gnu': [ '4.59.1' ],
20 silly audit   '@rollup/rollup-linux-arm64-musl': [ '4.59.1' ],
20 silly audit   '@rollup/rollup-linux-loong64-gnu': [ '4.59.1' ],
20 silly audit   '@rollup/rollup-linux-loong64-musl': [ '4.59.1' ],
20 silly audit   '@rollup/rollup-linux-ppc64-gnu': [ '4.59.1' ],
20 silly audit   '@rollup/rollup-linux-ppc64-musl': [ '4.59.1' ],
20 silly audit   '@rollup/rollup-linux-riscv64-gnu': [ '4.59.1' ],
20 silly audit   '@rollup/rollup-linux-riscv64-musl': [ '4.59.1' ],
20 silly audit   '@rollup/rollup-linux-s390x-gnu': [ '4.59.1' ],
20 silly audit   '@rollup/rollup-linux-x64-gnu': [ '4.59.1' ],
20 silly audit   '@rollup/rollup-linux-x64-musl': [ '4.59.1' ],
20 silly audit   '@rollup/rollup-openbsd-x64': [ '4.59.1' ],
20 silly audit   '@rollup/rollup-openharmony-arm64': [ '4.59.1' ],
20 silly audit   '@rollup/rollup-win32-arm64-msvc': [ '4.59.1' ],
20 silly audit   '@rollup/rollup-win32-ia32-msvc': [ '4.59.1' ],
20 silly audit   '@rollup/rollup-win32-x64-gnu': [ '4.59.1' ],
20 silly audit   '@rollup/rollup-win32-x64-msvc': [ '4.59.1' ],
20 silly audit   '@swc/core': [ '1.15.18' ],
20 silly audit   '@swc/core-darwin-arm64': [ '1.15.18' ],
20 silly audit   '@swc/core-darwin-x64': [ '1.15.18' ],
20 silly audit   '@swc/core-linux-arm-gnueabihf': [ '1.15.18' ],
20 silly audit   '@swc/core-linux-arm64-gnu': [ '1.15.18' ],
20 silly audit   '@swc/core-linux-arm64-musl': [ '1.15.18' ],
20 silly audit   '@swc/core-linux-x64-gnu': [ '1.15.18' ],
20 silly audit   '@swc/core-linux-x64-musl': [ '1.15.18' ],
20 silly audit   '@swc/core-win32-arm64-msvc': [ '1.15.18' ],
20 silly audit   '@swc/core-win32-ia32-msvc': [ '1.15.18' ],
20 silly audit   '@swc/core-win32-x64-msvc': [ '1.15.18' ],
20 silly audit   '@swc/counter': [ '0.1.3' ],
20 silly audit   '@swc/types': [ '0.1.25' ],
20 silly audit   '@types/estree': [ '1.0.8' ],
20 silly audit   '@types/prop-types': [ '15.7.15' ],
20 silly audit   '@types/react': [ '18.3.28' ],
20 silly audit   '@types/react-dom': [ '18.3.7' ],
20 silly audit   '@vitejs/plugin-react-swc': [ '3.11.0' ],
20 silly audit   'any-promise': [ '1.3.0' ],
20 silly audit   anymatch: [ '3.1.3' ],
20 silly audit   arg: [ '5.0.2' ],
20 silly audit   autoprefixer: [ '10.4.27' ],
20 silly audit   'baseline-browser-mapping': [ '2.10.10' ],
20 silly audit   'binary-extensions': [ '2.3.0' ],
20 silly audit   braces: [ '3.0.3' ],
20 silly audit   browserslist: [ '4.28.1' ],
20 silly audit   'camelcase-css': [ '2.0.1' ],
20 silly audit   'caniuse-lite': [ '1.0.30001780' ],
20 silly audit   chokidar: [ '3.6.0' ],
20 silly audit   'glob-parent': [ '5.1.2', '6.0.2' ],
20 silly audit   commander: [ '4.1.1' ],
20 silly audit   cssesc: [ '3.0.0' ],
20 silly audit   csstype: [ '3.2.3' ],
20 silly audit   debug: [ '4.4.3' ],
20 silly audit   didyoumean: [ '1.2.2' ],
20 silly audit   dlv: [ '1.1.3' ],
20 silly audit   'electron-to-chromium': [ '1.5.321' ],
20 silly audit   esbuild: [ '0.21.5' ],
20 silly audit   escalade: [ '3.2.0' ],
20 silly audit   'fast-glob': [ '3.3.3' ],
20 silly audit   'fast-printf': [ '1.6.10' ],
20 silly audit   fastq: [ '1.20.1' ],
20 silly audit   'fill-range': [ '7.1.1' ],
20 silly audit   'fraction.js': [ '5.3.4' ],
20 silly audit   'framer-motion': [ '11.18.2' ],
20 silly audit   fsevents: [ '2.3.3' ],
20 silly audit   'function-bind': [ '1.1.2' ],
20 silly audit   hasown: [ '2.0.2' ],
20 silly audit   'html-parse-stringify': [ '3.0.1' ],
20 silly audit   i18n: [ '0.15.3' ],
20 silly audit   i18next: [ '25.10.2' ],
20 silly audit   'is-binary-path': [ '2.1.0' ],
20 silly audit   'is-core-module': [ '2.16.1' ],
20 silly audit   'is-extglob': [ '2.1.1' ],
20 silly audit   'is-glob': [ '4.0.3' ],
20 silly audit   'is-number': [ '7.0.0' ],
20 silly audit   jiti: [ '1.21.7' ],
20 silly audit   'js-tokens': [ '4.0.0' ],
20 silly audit   lilconfig: [ '3.1.3' ],
20 silly audit   'lines-and-columns': [ '1.2.4' ],
20 silly audit   'loose-envify': [ '1.4.0' ],
20 silly audit   'lucide-react': [ '0.344.0' ],
20 silly audit   'make-plural': [ '7.5.0' ],
20 silly audit   'math-interval-parser': [ '2.0.1' ],
20 silly audit   merge2: [ '1.4.1' ],
20 silly audit   micromatch: [ '4.0.8' ],
20 silly audit   moo: [ '0.5.3' ],
20 silly audit   'motion-dom': [ '11.18.1' ],
20 silly audit   'motion-utils': [ '11.18.1' ],
20 silly audit   ms: [ '2.1.3' ],
20 silly audit   mustache: [ '4.2.0' ],
20 silly audit   mz: [ '2.7.0' ],
20 silly audit   nanoid: [ '3.3.11' ],
20 silly audit   'node-releases': [ '2.0.36' ],
20 silly audit   'normalize-path': [ '3.0.0' ],
20 silly audit   'object-assign': [ '4.1.1' ],
20 silly audit   'object-hash': [ '3.0.0' ],
20 silly audit   'path-parse': [ '1.0.7' ],
20 silly audit   picocolors: [ '1.1.1' ],
20 silly audit   picomatch: [ '2.3.1', '4.0.3' ],
20 silly audit   pify: [ '2.3.0' ],
20 silly audit   pirates: [ '4.0.7' ],
20 silly audit   postcss: [ '8.5.8' ],
20 silly audit   'postcss-import': [ '15.1.0' ],
20 silly audit   'postcss-js': [ '4.1.0' ],
20 silly audit   'postcss-load-config': [ '6.0.1' ],
20 silly audit   'postcss-nested': [ '6.2.0' ],
20 silly audit   'postcss-selector-parser': [ '6.1.2' ],
20 silly audit   'postcss-value-parser': [ '4.2.0' ],
20 silly audit   'queue-microtask': [ '1.2.3' ],
20 silly audit   react: [ '18.3.1' ],
20 silly audit   'react-dom': [ '18.3.1' ],
20 silly audit   'react-i18next': [ '16.6.0' ],
20 silly audit   'react-router': [ '6.30.3' ],
20 silly audit   'react-router-dom': [ '6.30.3' ],
20 silly audit   'read-cache': [ '1.0.0' ],
20 silly audit   readdirp: [ '3.6.0' ],
20 silly audit   resolve: [ '1.22.11' ],
20 silly audit   reusify: [ '1.1.0' ],
20 silly audit   rollup: [ '4.59.1' ],
20 silly audit   'run-parallel': [ '1.2.0' ],
20 silly audit   'safe-identifier': [ '0.4.2' ],
20 silly audit   scheduler: [ '0.23.2' ],
20 silly audit   'source-map-js': [ '1.2.1' ],
20 silly audit   sucrase: [ '3.35.1' ],
20 silly audit   'supports-preserve-symlinks-flag': [ '1.0.0' ],
20 silly audit   tailwindcss: [ '3.4.19' ],
20 silly audit   thenify: [ '3.3.1' ],
20 silly audit   'thenify-all': [ '1.6.0' ],
20 silly audit   tinyglobby: [ '0.2.15' ],
20 silly audit   fdir: [ '6.5.0' ],
20 silly audit   'to-regex-range': [ '5.0.1' ],
20 silly audit   'ts-interface-checker': [ '0.1.13' ],
20 silly audit   tslib: [ '2.8.1' ],
20 silly audit   'update-browserslist-db': [ '1.2.3' ],
20 silly audit   'use-sync-external-store': [ '1.6.0' ],
20 silly audit   'util-deprecate': [ '1.0.2' ],
20 silly audit   vite: [ '5.4.21' ],
20 silly audit   'void-elements': [ '3.1.0' ],
20 silly audit   'i18next-browser-languagedetector': [ '8.2.1' ]
20 silly audit }
21 verbose reify failed optional dependency /Users/sergioperalta/Documents/Source/alimentos-san-geronimo-website/node_modules/@swc/core-win32-x64-msvc
22 silly reify mark deleted [
22 silly reify   '/Users/sergioperalta/Documents/Source/alimentos-san-geronimo-website/node_modules/@swc/core-win32-x64-msvc'
22 silly reify ]
23 verbose reify failed optional dependency /Users/sergioperalta/Documents/Source/alimentos-san-geronimo-website/node_modules/@swc/core-win32-ia32-msvc
24 silly reify mark deleted [
24 silly reify   '/Users/sergioperalta/Documents/Source/alimentos-san-geronimo-website/node_modules/@swc/core-win32-ia32-msvc'
24 silly reify ]
25 verbose reify failed optional dependency /Users/sergioperalta/Documents/Source/alimentos-san-geronimo-website/node_modules/@swc/core-win32-arm64-msvc
26 silly reify mark deleted [
26 silly reify   '/Users/sergioperalta/Documents/Source/alimentos-san-geronimo-website/node_modules/@swc/core-win32-arm64-msvc'
26 silly reify ]
27 verbose reify failed optional dependency /Users/sergioperalta/Documents/Source/alimentos-san-geronimo-website/node_modules/@swc/core-linux-x64-musl
28 silly reify mark deleted [
28 silly reify   '/Users/sergioperalta/Documents/Source/alimentos-san-geronimo-website/node_modules/@swc/core-linux-x64-musl'
28 silly reify ]
29 verbose reify failed optional dependency /Users/sergioperalta/Documents/Source/alimentos-san-geronimo-website/node_modules/@swc/core-linux-x64-gnu
30 silly reify mark deleted [
30 silly reify   '/Users/sergioperalta/Documents/Source/alimentos-san-geronimo-website/node_modules/@swc/core-linux-x64-gnu'
30 silly reify ]
31 verbose reify failed optional dependency /Users/sergioperalta/Documents/Source/alimentos-san-geronimo-website/node_modules/@swc/core-linux-arm64-musl
32 silly reify mark deleted [
32 silly reify   '/Users/sergioperalta/Documents/Source/alimentos-san-geronimo-website/node_modules/@swc/core-linux-arm64-musl'
32 silly reify ]
33 verbose reify failed optional dependency /Users/sergioperalta/Documents/Source/alimentos-san-geronimo-website/node_modules/@swc/core-linux-arm64-gnu
34 silly reify mark deleted [
34 silly reify   '/Users/sergioperalta/Documents/Source/alimentos-san-geronimo-website/node_modules/@swc/core-linux-arm64-gnu'
34 silly reify ]
35 verbose reify failed optional dependency /Users/sergioperalta/Documents/Source/alimentos-san-geronimo-website/node_modules/@swc/core-linux-arm-gnueabihf
36 silly reify mark deleted [
36 silly reify   '/Users/sergioperalta/Documents/Source/alimentos-san-geronimo-website/node_modules/@swc/core-linux-arm-gnueabihf'
36 silly reify ]
37 verbose reify failed optional dependency /Users/sergioperalta/Documents/Source/alimentos-san-geronimo-website/node_modules/@swc/core-darwin-x64
38 silly reify mark deleted [
38 silly reify   '/Users/sergioperalta/Documents/Source/alimentos-san-geronimo-website/node_modules/@swc/core-darwin-x64'
38 silly reify ]
39 verbose reify failed optional dependency /Users/sergioperalta/Documents/Source/alimentos-san-geronimo-website/node_modules/@rollup/rollup-win32-x64-msvc
40 silly reify mark deleted [
40 silly reify   '/Users/sergioperalta/Documents/Source/alimentos-san-geronimo-website/node_modules/@rollup/rollup-win32-x64-msvc'
40 silly reify ]
41 verbose reify failed optional dependency /Users/sergioperalta/Documents/Source/alimentos-san-geronimo-website/node_modules/@rollup/rollup-win32-x64-gnu
42 silly reify mark deleted [
42 silly reify   '/Users/sergioperalta/Documents/Source/alimentos-san-geronimo-website/node_modules/@rollup/rollup-win32-x64-gnu'
42 silly reify ]
43 verbose reify failed optional dependency /Users/sergioperalta/Documents/Source/alimentos-san-geronimo-website/node_modules/@rollup/rollup-win32-ia32-msvc
44 silly reify mark deleted [
44 silly reify   '/Users/sergioperalta/Documents/Source/alimentos-san-geronimo-website/node_modules/@rollup/rollup-win32-ia32-msvc'
44 silly reify ]
45 verbose reify failed optional dependency /Users/sergioperalta/Documents/Source/alimentos-san-geronimo-website/node_modules/@rollup/rollup-win32-arm64-msvc
46 silly reify mark deleted [
46 silly reify   '/Users/sergioperalta/Documents/Source/alimentos-san-geronimo-website/node_modules/@rollup/rollup-win32-arm64-msvc'
46 silly reify ]
47 verbose reify failed optional dependency /Users/sergioperalta/Documents/Source/alimentos-san-geronimo-website/node_modules/@rollup/rollup-openharmony-arm64
48 silly reify mark deleted [
48 silly reify   '/Users/sergioperalta/Documents/Source/alimentos-san-geronimo-website/node_modules/@rollup/rollup-openharmony-arm64'
48 silly reify ]
49 verbose reify failed optional dependency /Users/sergioperalta/Documents/Source/alimentos-san-geronimo-website/node_modules/@rollup/rollup-openbsd-x64
50 silly reify mark deleted [
50 silly reify   '/Users/sergioperalta/Documents/Source/alimentos-san-geronimo-website/node_modules/@rollup/rollup-openbsd-x64'
50 silly reify ]
51 verbose reify failed optional dependency /Users/sergioperalta/Documents/Source/alimentos-san-geronimo-website/node_modules/@rollup/rollup-linux-x64-musl
52 silly reify mark deleted [
52 silly reify   '/Users/sergioperalta/Documents/Source/alimentos-san-geronimo-website/node_modules/@rollup/rollup-linux-x64-musl'
52 silly reify ]
53 verbose reify failed optional dependency /Users/sergioperalta/Documents/Source/alimentos-san-geronimo-website/node_modules/@rollup/rollup-linux-x64-gnu
54 silly reify mark deleted [
54 silly reify   '/Users/sergioperalta/Documents/Source/alimentos-san-geronimo-website/node_modules/@rollup/rollup-linux-x64-gnu'
54 silly reify ]
55 verbose reify failed optional dependency /Users/sergioperalta/Documents/Source/alimentos-san-geronimo-website/node_modules/@rollup/rollup-linux-s390x-gnu
56 silly reify mark deleted [
56 silly reify   '/Users/sergioperalta/Documents/Source/alimentos-san-geronimo-website/node_modules/@rollup/rollup-linux-s390x-gnu'
56 silly reify ]
57 verbose reify failed optional dependency /Users/sergioperalta/Documents/Source/alimentos-san-geronimo-website/node_modules/@rollup/rollup-linux-riscv64-musl
58 silly reify mark deleted [
58 silly reify   '/Users/sergioperalta/Documents/Source/alimentos-san-geronimo-website/node_modules/@rollup/rollup-linux-riscv64-musl'
58 silly reify ]
59 verbose reify failed optional dependency /Users/sergioperalta/Documents/Source/alimentos-san-geronimo-website/node_modules/@rollup/rollup-linux-riscv64-gnu
60 silly reify mark deleted [
60 silly reify   '/Users/sergioperalta/Documents/Source/alimentos-san-geronimo-website/node_modules/@rollup/rollup-linux-riscv64-gnu'
60 silly reify ]
61 verbose reify failed optional dependency /Users/sergioperalta/Documents/Source/alimentos-san-geronimo-website/node_modules/@rollup/rollup-linux-ppc64-musl
62 silly reify mark deleted [
62 silly reify   '/Users/sergioperalta/Documents/Source/alimentos-san-geronimo-website/node_modules/@rollup/rollup-linux-ppc64-musl'
62 silly reify ]
63 verbose reify failed optional dependency /Users/sergioperalta/Documents/Source/alimentos-san-geronimo-website/node_modules/@rollup/rollup-linux-ppc64-gnu
64 silly reify mark deleted [
64 silly reify   '/Users/sergioperalta/Documents/Source/alimentos-san-geronimo-website/node_modules/@rollup/rollup-linux-ppc64-gnu'
64 silly reify ]
65 verbose reify failed optional dependency /Users/sergioperalta/Documents/Source/alimentos-san-geronimo-website/node_modules/@rollup/rollup-linux-loong64-musl
66 silly reify mark deleted [
66 silly reify   '/Users/sergioperalta/Documents/Source/alimentos-san-geronimo-website/node_modules/@rollup/rollup-linux-loong64-musl'
66 silly reify ]
67 verbose reify failed optional dependency /Users/sergioperalta/Documents/Source/alimentos-san-geronimo-website/node_modules/@rollup/rollup-linux-loong64-gnu
68 silly reify mark deleted [
68 silly reify   '/Users/sergioperalta/Documents/Source/alimentos-san-geronimo-website/node_modules/@rollup/rollup-linux-loong64-gnu'
68 silly reify ]
69 verbose reify failed optional dependency /Users/sergioperalta/Documents/Source/alimentos-san-geronimo-website/node_modules/@rollup/rollup-linux-arm64-musl
70 silly reify mark deleted [
70 silly reify   '/Users/sergioperalta/Documents/Source/alimentos-san-geronimo-website/node_modules/@rollup/rollup-linux-arm64-musl'
70 silly reify ]
71 verbose reify failed optional dependency /Users/sergioperalta/Documents/Source/alimentos-san-geronimo-website/node_modules/@rollup/rollup-linux-arm64-gnu
72 silly reify mark deleted [
72 silly reify   '/Users/sergioperalta/Documents/Source/alimentos-san-geronimo-website/node_modules/@rollup/rollup-linux-arm64-gnu'
72 silly reify ]
73 verbose reify failed optional dependency /Users/sergioperalta/Documents/Source/alimentos-san-geronimo-website/node_modules/@rollup/rollup-linux-arm-musleabihf
74 silly reify mark deleted [
74 silly reify   '/Users/sergioperalta/Documents/Source/alimentos-san-geronimo-website/node_modules/@rollup/rollup-linux-arm-musleabihf'
74 silly reify ]
75 verbose reify failed optional dependency /Users/sergioperalta/Documents/Source/alimentos-san-geronimo-website/node_modules/@rollup/rollup-linux-arm-gnueabihf
76 silly reify mark deleted [
76 silly reify   '/Users/sergioperalta/Documents/Source/alimentos-san-geronimo-website/node_modules/@rollup/rollup-linux-arm-gnueabihf'
76 silly reify ]
77 verbose reify failed optional dependency /Users/sergioperalta/Documents/Source/alimentos-san-geronimo-website/node_modules/@rollup/rollup-freebsd-x64
78 silly reify mark deleted [
78 silly reify   '/Users/sergioperalta/Documents/Source/alimentos-san-geronimo-website/node_modules/@rollup/rollup-freebsd-x64'
78 silly reify ]
79 verbose reify failed optional dependency /Users/sergioperalta/Documents/Source/alimentos-san-geronimo-website/node_modules/@rollup/rollup-freebsd-arm64
80 silly reify mark deleted [
80 silly reify   '/Users/sergioperalta/Documents/Source/alimentos-san-geronimo-website/node_modules/@rollup/rollup-freebsd-arm64'
80 silly reify ]
81 verbose reify failed optional dependency /Users/sergioperalta/Documents/Source/alimentos-san-geronimo-website/node_modules/@rollup/rollup-darwin-x64
82 silly reify mark deleted [
82 silly reify   '/Users/sergioperalta/Documents/Source/alimentos-san-geronimo-website/node_modules/@rollup/rollup-darwin-x64'
82 silly reify ]
83 verbose reify failed optional dependency /Users/sergioperalta/Documents/Source/alimentos-san-geronimo-website/node_modules/@rollup/rollup-android-arm64
84 silly reify mark deleted [
84 silly reify   '/Users/sergioperalta/Documents/Source/alimentos-san-geronimo-website/node_modules/@rollup/rollup-android-arm64'
84 silly reify ]
85 verbose reify failed optional dependency /Users/sergioperalta/Documents/Source/alimentos-san-geronimo-website/node_modules/@rollup/rollup-android-arm-eabi
86 silly reify mark deleted [
86 silly reify   '/Users/sergioperalta/Documents/Source/alimentos-san-geronimo-website/node_modules/@rollup/rollup-android-arm-eabi'
86 silly reify ]
87 verbose reify failed optional dependency /Users/sergioperalta/Documents/Source/alimentos-san-geronimo-website/node_modules/@esbuild/win32-x64
88 silly reify mark deleted [
88 silly reify   '/Users/sergioperalta/Documents/Source/alimentos-san-geronimo-website/node_modules/@esbuild/win32-x64'
88 silly reify ]
89 verbose reify failed optional dependency /Users/sergioperalta/Documents/Source/alimentos-san-geronimo-website/node_modules/@esbuild/win32-ia32
90 silly reify mark deleted [
90 silly reify   '/Users/sergioperalta/Documents/Source/alimentos-san-geronimo-website/node_modules/@esbuild/win32-ia32'
90 silly reify ]
91 verbose reify failed optional dependency /Users/sergioperalta/Documents/Source/alimentos-san-geronimo-website/node_modules/@esbuild/win32-arm64
92 silly reify mark deleted [
92 silly reify   '/Users/sergioperalta/Documents/Source/alimentos-san-geronimo-website/node_modules/@esbuild/win32-arm64'
92 silly reify ]
93 verbose reify failed optional dependency /Users/sergioperalta/Documents/Source/alimentos-san-geronimo-website/node_modules/@esbuild/sunos-x64
94 silly reify mark deleted [
94 silly reify   '/Users/sergioperalta/Documents/Source/alimentos-san-geronimo-website/node_modules/@esbuild/sunos-x64'
94 silly reify ]
95 verbose reify failed optional dependency /Users/sergioperalta/Documents/Source/alimentos-san-geronimo-website/node_modules/@esbuild/openbsd-x64
96 silly reify mark deleted [
96 silly reify   '/Users/sergioperalta/Documents/Source/alimentos-san-geronimo-website/node_modules/@esbuild/openbsd-x64'
96 silly reify ]
97 verbose reify failed optional dependency /Users/sergioperalta/Documents/Source/alimentos-san-geronimo-website/node_modules/@esbuild/netbsd-x64
98 silly reify mark deleted [
98 silly reify   '/Users/sergioperalta/Documents/Source/alimentos-san-geronimo-website/node_modules/@esbuild/netbsd-x64'
98 silly reify ]
99 verbose reify failed optional dependency /Users/sergioperalta/Documents/Source/alimentos-san-geronimo-website/node_modules/@esbuild/linux-x64
100 silly reify mark deleted [
100 silly reify   '/Users/sergioperalta/Documents/Source/alimentos-san-geronimo-website/node_modules/@esbuild/linux-x64'
100 silly reify ]
101 verbose reify failed optional dependency /Users/sergioperalta/Documents/Source/alimentos-san-geronimo-website/node_modules/@esbuild/linux-s390x
102 silly reify mark deleted [
102 silly reify   '/Users/sergioperalta/Documents/Source/alimentos-san-geronimo-website/node_modules/@esbuild/linux-s390x'
102 silly reify ]
103 verbose reify failed optional dependency /Users/sergioperalta/Documents/Source/alimentos-san-geronimo-website/node_modules/@esbuild/linux-riscv64
104 silly reify mark deleted [
104 silly reify   '/Users/sergioperalta/Documents/Source/alimentos-san-geronimo-website/node_modules/@esbuild/linux-riscv64'
104 silly reify ]
105 verbose reify failed optional dependency /Users/sergioperalta/Documents/Source/alimentos-san-geronimo-website/node_modules/@esbuild/linux-ppc64
106 silly reify mark deleted [
106 silly reify   '/Users/sergioperalta/Documents/Source/alimentos-san-geronimo-website/node_modules/@esbuild/linux-ppc64'
106 silly reify ]
107 verbose reify failed optional dependency /Users/sergioperalta/Documents/Source/alimentos-san-geronimo-website/node_modules/@esbuild/linux-mips64el
108 silly reify mark deleted [
108 silly reify   '/Users/sergioperalta/Documents/Source/alimentos-san-geronimo-website/node_modules/@esbuild/linux-mips64el'
108 silly reify ]
109 verbose reify failed optional dependency /Users/sergioperalta/Documents/Source/alimentos-san-geronimo-website/node_modules/@esbuild/linux-loong64
110 silly reify mark deleted [
110 silly reify   '/Users/sergioperalta/Documents/Source/alimentos-san-geronimo-website/node_modules/@esbuild/linux-loong64'
110 silly reify ]
111 verbose reify failed optional dependency /Users/sergioperalta/Documents/Source/alimentos-san-geronimo-website/node_modules/@esbuild/linux-ia32
112 silly reify mark deleted [
112 silly reify   '/Users/sergioperalta/Documents/Source/alimentos-san-geronimo-website/node_modules/@esbuild/linux-ia32'
112 silly reify ]
113 verbose reify failed optional dependency /Users/sergioperalta/Documents/Source/alimentos-san-geronimo-website/node_modules/@esbuild/linux-arm64
114 silly reify mark deleted [
114 silly reify   '/Users/sergioperalta/Documents/Source/alimentos-san-geronimo-website/node_modules/@esbuild/linux-arm64'
114 silly reify ]
115 verbose reify failed optional dependency /Users/sergioperalta/Documents/Source/alimentos-san-geronimo-website/node_modules/@esbuild/linux-arm
116 silly reify mark deleted [
116 silly reify   '/Users/sergioperalta/Documents/Source/alimentos-san-geronimo-website/node_modules/@esbuild/linux-arm'
116 silly reify ]
117 verbose reify failed optional dependency /Users/sergioperalta/Documents/Source/alimentos-san-geronimo-website/node_modules/@esbuild/freebsd-x64
118 silly reify mark deleted [
118 silly reify   '/Users/sergioperalta/Documents/Source/alimentos-san-geronimo-website/node_modules/@esbuild/freebsd-x64'
118 silly reify ]
119 verbose reify failed optional dependency /Users/sergioperalta/Documents/Source/alimentos-san-geronimo-website/node_modules/@esbuild/freebsd-arm64
120 silly reify mark deleted [
120 silly reify   '/Users/sergioperalta/Documents/Source/alimentos-san-geronimo-website/node_modules/@esbuild/freebsd-arm64'
120 silly reify ]
121 verbose reify failed optional dependency /Users/sergioperalta/Documents/Source/alimentos-san-geronimo-website/node_modules/@esbuild/darwin-x64
122 silly reify mark deleted [
122 silly reify   '/Users/sergioperalta/Documents/Source/alimentos-san-geronimo-website/node_modules/@esbuild/darwin-x64'
122 silly reify ]
123 verbose reify failed optional dependency /Users/sergioperalta/Documents/Source/alimentos-san-geronimo-website/node_modules/@esbuild/android-x64
124 silly reify mark deleted [
124 silly reify   '/Users/sergioperalta/Documents/Source/alimentos-san-geronimo-website/node_modules/@esbuild/android-x64'
124 silly reify ]
125 verbose reify failed optional dependency /Users/sergioperalta/Documents/Source/alimentos-san-geronimo-website/node_modules/@esbuild/android-arm64
126 silly reify mark deleted [
126 silly reify   '/Users/sergioperalta/Documents/Source/alimentos-san-geronimo-website/node_modules/@esbuild/android-arm64'
126 silly reify ]
127 verbose reify failed optional dependency /Users/sergioperalta/Documents/Source/alimentos-san-geronimo-website/node_modules/@esbuild/android-arm
128 silly reify mark deleted [
128 silly reify   '/Users/sergioperalta/Documents/Source/alimentos-san-geronimo-website/node_modules/@esbuild/android-arm'
128 silly reify ]
129 verbose reify failed optional dependency /Users/sergioperalta/Documents/Source/alimentos-san-geronimo-website/node_modules/@esbuild/aix-ppc64
130 silly reify mark deleted [
130 silly reify   '/Users/sergioperalta/Documents/Source/alimentos-san-geronimo-website/node_modules/@esbuild/aix-ppc64'
130 silly reify ]
131 silly tarball no local data for i18next-browser-languagedetector@https://registry.npmjs.org/i18next-browser-languagedetector/-/i18next-browser-languagedetector-8.2.1.tgz. Extracting by manifest.
132 http fetch POST 200 https://registry.npmjs.org/-/npm/v1/security/advisories/bulk 164ms
133 silly audit report {
133 silly audit report   esbuild: [
133 silly audit report     {
133 silly audit report       id: 1102341,
133 silly audit report       url: 'https://github.com/advisories/GHSA-67mh-4wv8-2f99',
133 silly audit report       title: 'esbuild enables any website to send any requests to the development server and read the response',
133 silly audit report       severity: 'moderate',
133 silly audit report       vulnerable_versions: '<=0.24.2',
133 silly audit report       cwe: [Array],
133 silly audit report       cvss: [Object]
133 silly audit report     }
133 silly audit report   ]
133 silly audit report }
134 silly packumentCache corgi:https://registry.npmjs.org/esbuild cache-miss
135 http fetch GET 200 https://registry.npmjs.org/esbuild 65ms (cache revalidated)
136 silly packumentCache corgi:https://registry.npmjs.org/esbuild set size:880945 disposed:false
137 silly packumentCache corgi:https://registry.npmjs.org/vite cache-miss
138 http fetch GET 200 https://registry.npmjs.org/i18next-browser-languagedetector/-/i18next-browser-languagedetector-8.2.1.tgz 272ms (cache miss)
139 http fetch GET 200 https://registry.npmjs.org/vite 76ms (cache revalidated)
140 silly packumentCache corgi:https://registry.npmjs.org/vite set size:2202471 disposed:false
141 silly packumentCache corgi:https://registry.npmjs.org/@vitejs%2fplugin-react-swc cache-miss
142 http fetch GET 200 https://registry.npmjs.org/@vitejs%2fplugin-react-swc 84ms (cache revalidated)
143 silly packumentCache corgi:https://registry.npmjs.org/@vitejs%2fplugin-react-swc set size:37133 disposed:false
144 silly ADD node_modules/i18next-browser-languagedetector
145 silly ADD
146 silly ADD
147 silly ADD
148 silly ADD
149 silly ADD
150 silly ADD
151 silly ADD
152 silly ADD
153 silly ADD
154 silly ADD
155 silly ADD
156 silly ADD
157 silly ADD
158 silly ADD
159 silly ADD
160 silly ADD
161 silly ADD
162 silly ADD
163 silly ADD
164 silly ADD
165 silly ADD
166 silly ADD
167 silly ADD
168 silly ADD
169 silly ADD
170 silly ADD
171 silly ADD
172 silly ADD
173 silly ADD
174 silly ADD
175 silly ADD
176 silly ADD
177 silly ADD
178 silly ADD
179 silly ADD
180 silly ADD
181 silly ADD
182 silly ADD
183 silly ADD
184 silly ADD
185 silly ADD
186 silly ADD
187 silly ADD
188 silly ADD
189 silly ADD
190 silly ADD
191 silly ADD
192 silly ADD
193 silly ADD
194 silly ADD
195 silly ADD
196 silly ADD
197 silly ADD
198 silly ADD
199 silly ADD
200 verbose cwd /Users/sergioperalta/Documents/Source/alimentos-san-geronimo-website
201 verbose os Darwin 25.2.0
202 verbose node v23.1.0
203 verbose npm  v10.9.0
204 verbose exit 0
205 info ok
